2023-06-28T09:50:49+00:00 CRITICAL Uncaught Error: Call to a member function init() on null in E:\wamp64\www\oat_project\wp-content\themes\BookYourTravel\includes\composer\vc_widget_social_shortcode.php:159
Stack trace:
#0 E:\wamp64\www\oat_project\wp-content\themes\BookYourTravel\includes\theme_visual_composer.php(29): require_once()
#1 E:\wamp64\www\oat_project\wp-content\themes\BookYourTravel\functions.php(161): require_once('E:\\wamp64\\www\\o...')
#2 E:\wamp64\www\oat_project\wp-settings.php(591): include('E:\\wamp64\\www\\o...')
#3 E:\wamp64\www\oat_project\wp-config.php(96): require_once('E:\\wamp64\\www\\o...')
#4 E:\wamp64\www\oat_project\wp-load.php(50): require_once('E:\\wamp64\\www\\o...')
#5 E:\wamp64\www\oat_project\wp-admin\admin-ajax.php(22): require_once('E:\\wamp64\\www\\o...')
#6 {main}
  thrown in E:\wamp64\www\oat_project\wp-content\themes\BookYourTravel\includes\composer\vc_widget_social_shortcode.php on line 159

2023-06-28T10:14:20+00:00 CRITICAL Uncaught Error: Class 'bookyourtravel_home_searching_widgets' not found in E:\wamp64\www\oat_project\wp-includes\class-wp-widget-factory.php:62
Stack trace:
#0 E:\wamp64\www\oat_project\wp-includes\widgets.php(115): WP_Widget_Factory->register('bookyourtravel_...')
#1 E:\wamp64\www\oat_project\wp-content\themes\BookYourTravel\includes\plugins\widgets\widget-home-search.php(18): register_widget('bookyourtravel_...')
#2 E:\wamp64\www\oat_project\wp-includes\class-wp-hook.php(308): bookyourtravel_home_searching_widgets('')
#3 E:\wamp64\www\oat_project\wp-includes\class-wp-hook.php(332): WP_Hook->apply_filters(NULL, Array)
#4 E:\wamp64\www\oat_project\wp-includes\plugin.php(517): WP_Hook->do_action(Array)
#5 E:\wamp64\www\oat_project\wp-includes\widgets.php(1854): do_action('widgets_init')
#6 E:\wamp64\www\oat_project\wp-includes\class-wp-hook.php(308): wp_widgets_init('')
#7 E:\wamp64\www\oat_project\wp-includes\class-wp-hook.php(332): WP_Hook->apply_filters(NULL, Array)
#8 E:\wamp64\www\oat_project\wp-includes\ in E:\wamp64\www\oat_project\wp-includes\class-wp-widget-factory.php on line 62

2023-06-28T10:15:16+00:00 CRITICAL Uncaught Error: Class 'bookyourtravel_home_searching_widgets' not found in E:\wamp64\www\oat_project\wp-includes\class-wp-widget-factory.php:62
Stack trace:
#0 E:\wamp64\www\oat_project\wp-includes\widgets.php(115): WP_Widget_Factory->register('bookyourtravel_...')
#1 E:\wamp64\www\oat_project\wp-content\themes\BookYourTravel\includes\plugins\widgets\widget-home-search.php(18): register_widget('bookyourtravel_...')
#2 E:\wamp64\www\oat_project\wp-includes\class-wp-hook.php(308): bookyourtravel_home_searching_widgets('')
#3 E:\wamp64\www\oat_project\wp-includes\class-wp-hook.php(332): WP_Hook->apply_filters(NULL, Array)
#4 E:\wamp64\www\oat_project\wp-includes\plugin.php(517): WP_Hook->do_action(Array)
#5 E:\wamp64\www\oat_project\wp-includes\widgets.php(1854): do_action('widgets_init')
#6 E:\wamp64\www\oat_project\wp-includes\class-wp-hook.php(308): wp_widgets_init('')
#7 E:\wamp64\www\oat_project\wp-includes\class-wp-hook.php(332): WP_Hook->apply_filters(NULL, Array)
#8 E:\wamp64\www\oat_project\wp-includes\ in E:\wamp64\www\oat_project\wp-includes\class-wp-widget-factory.php on line 62

2023-06-28T10:17:14+00:00 CRITICAL Uncaught Error: Class 'bookyourtravel_home_searching_widgets' not found in E:\wamp64\www\oat_project\wp-includes\class-wp-widget-factory.php:62
Stack trace:
#0 E:\wamp64\www\oat_project\wp-includes\widgets.php(115): WP_Widget_Factory->register('bookyourtravel_...')
#1 E:\wamp64\www\oat_project\wp-content\themes\BookYourTravel\includes\plugins\widgets\widget-home-search.php(18): register_widget('bookyourtravel_...')
#2 E:\wamp64\www\oat_project\wp-includes\class-wp-hook.php(308): bookyourtravel_home_searching_widgets('')
#3 E:\wamp64\www\oat_project\wp-includes\class-wp-hook.php(332): WP_Hook->apply_filters(NULL, Array)
#4 E:\wamp64\www\oat_project\wp-includes\plugin.php(517): WP_Hook->do_action(Array)
#5 E:\wamp64\www\oat_project\wp-includes\widgets.php(1854): do_action('widgets_init')
#6 E:\wamp64\www\oat_project\wp-includes\class-wp-hook.php(308): wp_widgets_init('')
#7 E:\wamp64\www\oat_project\wp-includes\class-wp-hook.php(332): WP_Hook->apply_filters(NULL, Array)
#8 E:\wamp64\www\oat_project\wp-includes\ in E:\wamp64\www\oat_project\wp-includes\class-wp-widget-factory.php on line 62

2023-06-28T10:17:17+00:00 CRITICAL Uncaught Error: Class 'bookyourtravel_home_searching_widgets' not found in E:\wamp64\www\oat_project\wp-includes\class-wp-widget-factory.php:62
Stack trace:
#0 E:\wamp64\www\oat_project\wp-includes\widgets.php(115): WP_Widget_Factory->register('bookyourtravel_...')
#1 E:\wamp64\www\oat_project\wp-content\themes\BookYourTravel\includes\plugins\widgets\widget-home-search.php(18): register_widget('bookyourtravel_...')
#2 E:\wamp64\www\oat_project\wp-includes\class-wp-hook.php(308): bookyourtravel_home_searching_widgets('')
#3 E:\wamp64\www\oat_project\wp-includes\class-wp-hook.php(332): WP_Hook->apply_filters(NULL, Array)
#4 E:\wamp64\www\oat_project\wp-includes\plugin.php(517): WP_Hook->do_action(Array)
#5 E:\wamp64\www\oat_project\wp-includes\widgets.php(1854): do_action('widgets_init')
#6 E:\wamp64\www\oat_project\wp-includes\class-wp-hook.php(308): wp_widgets_init('')
#7 E:\wamp64\www\oat_project\wp-includes\class-wp-hook.php(332): WP_Hook->apply_filters(NULL, Array)
#8 E:\wamp64\www\oat_project\wp-includes\ in E:\wamp64\www\oat_project\wp-includes\class-wp-widget-factory.php on line 62

2023-06-28T10:18:28+00:00 CRITICAL Uncaught Error: Call to undefined function st_reg_shortcode() in E:\wamp64\www\oat_project\wp-content\themes\BookYourTravel\functions.php:197
Stack trace:
#0 E:\wamp64\www\oat_project\wp-settings.php(591): include()
#1 E:\wamp64\www\oat_project\wp-config.php(96): require_once('E:\\wamp64\\www\\o...')
#2 E:\wamp64\www\oat_project\wp-load.php(50): require_once('E:\\wamp64\\www\\o...')
#3 E:\wamp64\www\oat_project\wp-blog-header.php(13): require_once('E:\\wamp64\\www\\o...')
#4 E:\wamp64\www\oat_project\index.php(17): require('E:\\wamp64\\www\\o...')
#5 {main}
  thrown in E:\wamp64\www\oat_project\wp-content\themes\BookYourTravel\functions.php on line 197

2023-06-28T10:42:48+00:00 CRITICAL Cannot redeclare byt_widget_social() (previously declared in E:\wamp64\www\oat_project\wp-content\themes\BookYourTravel\functions.php:190) in E:\wamp64\www\oat_project\wp-content\themes\BookYourTravel\includes\plugins\widgets\widget-social.php on line 238

